<?xml version="1.0" encoding="UTF-8"?>
<!-- Generated by org.testng.reporters.JUnitReportReporter -->
<testsuite hostname="uf201402001d" name="com.duanmh.array.RotateArrayTest" tests="3" failures="0" timestamp="4 Mar 2015 06:39:12 GMT" time="15.073" errors="0">
  <testcase name="rotate" time="15.064" classname="com.duanmh.array.RotateArrayTest"/>
  <testcase name="rotateArray" time="0.003" classname="com.duanmh.array.RotateArrayTest"/>
  <testcase name="exchange" time="0.006" classname="com.duanmh.array.RotateArrayTest"/>
</testsuite> <!-- com.duanmh.array.RotateArrayTest -->
