<?xml version="1.0" encoding="UTF-8"?>
<!-- Generated by org.testng.reporters.JUnitReportReporter -->
<testsuite hostname="uf201402001d" name="com.algorithm.bstree.BSTreeTest" tests="11" failures="0" timestamp="9 Mar 2015 08:16:54 GMT" time="89.448" errors="0">
  <testcase name="deleteMin" time="89.419" classname="com.algorithm.bstree.BSTreeTest"/>
  <testcase name="deleteMax" time="0.004" classname="com.algorithm.bstree.BSTreeTest"/>
  <testcase name="max" time="0.003" classname="com.algorithm.bstree.BSTreeTest"/>
  <testcase name="getString" time="0.004" classname="com.algorithm.bstree.BSTreeTest"/>
  <testcase name="deleteString" time="0.003" classname="com.algorithm.bstree.BSTreeTest"/>
  <testcase name="putStringint" time="0.002" classname="com.algorithm.bstree.BSTreeTest"/>
  <testcase name="size" time="0.002" classname="com.algorithm.bstree.BSTreeTest"/>
  <testcase name="min" time="0.004" classname="com.algorithm.bstree.BSTreeTest"/>
  <testcase name="f" time="0.000" classname="com.algorithm.bstree.BSTreeTest"/>
  <testcase name="f" time="0.003" classname="com.algorithm.bstree.BSTreeTest"/>
  <testcase name="BSTree" time="0.004" classname="com.algorithm.bstree.BSTreeTest"/>
</testsuite> <!-- com.algorithm.bstree.BSTreeTest -->
