<?xml version="1.0" encoding="UTF-8"?>
<!-- Generated by org.testng.reporters.JUnitReportReporter -->
<testsuite hostname="uf201402001d" name="com.algorithm.bstree.BSTreeTest" tests="11" failures="0" timestamp="6 Mar 2015 02:33:39 GMT" time="2.691" errors="0">
  <testcase name="size" time="0.003" classname="com.algorithm.bstree.BSTreeTest"/>
  <testcase name="BSTree" time="0.013" classname="com.algorithm.bstree.BSTreeTest"/>
  <testcase name="getString" time="0.004" classname="com.algorithm.bstree.BSTreeTest"/>
  <testcase name="deleteMin" time="2.653" classname="com.algorithm.bstree.BSTreeTest"/>
  <testcase name="deleteMax" time="0.001" classname="com.algorithm.bstree.BSTreeTest"/>
  <testcase name="putStringint" time="0.003" classname="com.algorithm.bstree.BSTreeTest"/>
  <testcase name="deleteString" time="0.003" classname="com.algorithm.bstree.BSTreeTest"/>
  <testcase name="f" time="0.002" classname="com.algorithm.bstree.BSTreeTest"/>
  <testcase name="min" time="0.005" classname="com.algorithm.bstree.BSTreeTest"/>
  <testcase name="max" time="0.001" classname="com.algorithm.bstree.BSTreeTest"/>
  <testcase name="f" time="0.003" classname="com.algorithm.bstree.BSTreeTest"/>
</testsuite> <!-- com.algorithm.bstree.BSTreeTest -->
